  Button3.cpp
P:\GitHub Repo\GAME_1017_Exercises\LE4_SalgadoCristhian\GAME1017_EmptyEngine\Button3.h(6,10): fatal error C1083: Cannot open include file: 'SDL.h': No such file or directory
  CollisionManager.cpp
P:\GitHub Repo\GAME_1017_Exercises\LE4_SalgadoCristhian\GAME1017_EmptyEngine\CollisionManager.h(6,10): fatal error C1083: Cannot open include file: 'SDL.h': No such file or directory
  Engine.cpp
P:\GitHub Repo\GAME_1017_Exercises\LE4_SalgadoCristhian\GAME1017_EmptyEngine\Engine.h(8,10): fatal error C1083: Cannot open include file: 'SDL.h': No such file or directory
  EventManager.cpp
P:\GitHub Repo\GAME_1017_Exercises\LE4_SalgadoCristhian\GAME1017_EmptyEngine\EventManager.h(5,10): fatal error C1083: Cannot open include file: 'SDL.h': No such file or directory
  Main.cpp
P:\GitHub Repo\GAME_1017_Exercises\LE4_SalgadoCristhian\GAME1017_EmptyEngine\Main.cpp(10,10): fatal error C1083: Cannot open include file: 'SDL.h': No such file or directory
  MathManager.cpp
P:\GitHub Repo\GAME_1017_Exercises\LE4_SalgadoCristhian\GAME1017_EmptyEngine\MathManager.h(7,10): fatal error C1083: Cannot open include file: 'SDL.h': No such file or directory
  Primitives.cpp
P:\GitHub Repo\GAME_1017_Exercises\LE4_SalgadoCristhian\GAME1017_EmptyEngine\GameObject.h(5,10): fatal error C1083: Cannot open include file: 'SDL.h': No such file or directory
  SoundManager.cpp
P:\GitHub Repo\GAME_1017_Exercises\LE4_SalgadoCristhian\GAME1017_EmptyEngine\SoundManager.h(8,10): fatal error C1083: Cannot open include file: 'SDL_mixer.h': No such file or directory
  StateManager.cpp
P:\GitHub Repo\GAME_1017_Exercises\LE4_SalgadoCristhian\GAME1017_EmptyEngine\Engine.h(8,10): fatal error C1083: Cannot open include file: 'SDL.h': No such file or directory
  States.cpp
P:\GitHub Repo\GAME_1017_Exercises\LE4_SalgadoCristhian\GAME1017_EmptyEngine\Engine.h(8,10): fatal error C1083: Cannot open include file: 'SDL.h': No such file or directory
  TextureManager.cpp
P:\GitHub Repo\GAME_1017_Exercises\LE4_SalgadoCristhian\GAME1017_EmptyEngine\TextureManager.h(7,10): fatal error C1083: Cannot open include file: 'SDL.h': No such file or directory
  TiledLevel.cpp
P:\GitHub Repo\GAME_1017_Exercises\LE4_SalgadoCristhian\GAME1017_EmptyEngine\Engine.h(8,10): fatal error C1083: Cannot open include file: 'SDL.h': No such file or directory
  Generating Code...
